<?xml version="1.0" encoding="UTF-8"?>
<testsuites>
  <testsuite name="" tests="44" assertions="95" errors="0" warnings="0" failures="0" skipped="0" time="0.166066">
    <testsuite name="Project Test Suite" tests="44" assertions="95" errors="0" warnings="0" failures="0" skipped="0" time="0.166066">
      <testsuite name="App\Tests\DeckHandler\BalanceTest" file="/home/osay21/dbwebb-kurser/mvc/me/report/tests/Deckhandler/BalanceTest.php" tests="11" assertions="20" errors="0" warnings="0" failures="0" skipped="0" time="0.006140">
        <testcase name="testInitialBalanceDefaults" class="App\Tests\DeckHandler\BalanceTest" classname="App.Tests.DeckHandler.BalanceTest" file="/home/osay21/dbwebb-kurser/mvc/me/report/tests/Deckhandler/BalanceTest.php" line="10" assertions="2" time="0.004191"/>
        <testcase name="testInitialBalanceCustomValues" class="App\Tests\DeckHandler\BalanceTest" classname="App.Tests.DeckHandler.BalanceTest" file="/home/osay21/dbwebb-kurser/mvc/me/report/tests/Deckhandler/BalanceTest.php" line="17" assertions="2" time="0.000197"/>
        <testcase name="testSetBalance" class="App\Tests\DeckHandler\BalanceTest" classname="App.Tests.DeckHandler.BalanceTest" file="/home/osay21/dbwebb-kurser/mvc/me/report/tests/Deckhandler/BalanceTest.php" line="24" assertions="1" time="0.000194"/>
        <testcase name="testAdjustLoanIncreasesBalanceAndDebt" class="App\Tests\DeckHandler\BalanceTest" classname="App.Tests.DeckHandler.BalanceTest" file="/home/osay21/dbwebb-kurser/mvc/me/report/tests/Deckhandler/BalanceTest.php" line="31" assertions="2" time="0.000283"/>
        <testcase name="testAdjustLoanWithNegativeAmountReducesDebtAndBalance" class="App\Tests\DeckHandler\BalanceTest" classname="App.Tests.DeckHandler.BalanceTest" file="/home/osay21/dbwebb-kurser/mvc/me/report/tests/Deckhandler/BalanceTest.php" line="39" assertions="2" time="0.000174"/>
        <testcase name="testAdjustLoanCannotPayMoreThanDebt" class="App\Tests\DeckHandler\BalanceTest" classname="App.Tests.DeckHandler.BalanceTest" file="/home/osay21/dbwebb-kurser/mvc/me/report/tests/Deckhandler/BalanceTest.php" line="47" assertions="2" time="0.000153"/>
        <testcase name="testAdjustLoanCannotPayMoreThanBalance" class="App\Tests\DeckHandler\BalanceTest" classname="App.Tests.DeckHandler.BalanceTest" file="/home/osay21/dbwebb-kurser/mvc/me/report/tests/Deckhandler/BalanceTest.php" line="55" assertions="2" time="0.000149"/>
        <testcase name="testAdjustLoanZeroDoesNothing" class="App\Tests\DeckHandler\BalanceTest" classname="App.Tests.DeckHandler.BalanceTest" file="/home/osay21/dbwebb-kurser/mvc/me/report/tests/Deckhandler/BalanceTest.php" line="63" assertions="2" time="0.000215"/>
        <testcase name="testToArray" class="App\Tests\DeckHandler\BalanceTest" classname="App.Tests.DeckHandler.BalanceTest" file="/home/osay21/dbwebb-kurser/mvc/me/report/tests/Deckhandler/BalanceTest.php" line="71" assertions="1" time="0.000150"/>
        <testcase name="testFromArray" class="App\Tests\DeckHandler\BalanceTest" classname="App.Tests.DeckHandler.BalanceTest" file="/home/osay21/dbwebb-kurser/mvc/me/report/tests/Deckhandler/BalanceTest.php" line="79" assertions="2" time="0.000219"/>
        <testcase name="testFromArrayWithDefaults" class="App\Tests\DeckHandler\BalanceTest" classname="App.Tests.DeckHandler.BalanceTest" file="/home/osay21/dbwebb-kurser/mvc/me/report/tests/Deckhandler/BalanceTest.php" line="88" assertions="2" time="0.000214"/>
      </testsuite>
      <testsuite name="App\Tests\DeckHandler\CardTest" file="/home/osay21/dbwebb-kurser/mvc/me/report/tests/Deckhandler/CardTest.php" tests="8" assertions="19" errors="0" warnings="0" failures="0" skipped="0" time="0.002391">
        <testcase name="testGetSuitAndId" class="App\Tests\DeckHandler\CardTest" classname="App.Tests.DeckHandler.CardTest" file="/home/osay21/dbwebb-kurser/mvc/me/report/tests/Deckhandler/CardTest.php" line="10" assertions="4" time="0.000616"/>
        <testcase name="testGetValue" class="App\Tests\DeckHandler\CardTest" classname="App.Tests.DeckHandler.CardTest" file="/home/osay21/dbwebb-kurser/mvc/me/report/tests/Deckhandler/CardTest.php" line="21" assertions="4" time="0.000235"/>
        <testcase name="testGetDisplay" class="App\Tests\DeckHandler\CardTest" classname="App.Tests.DeckHandler.CardTest" file="/home/osay21/dbwebb-kurser/mvc/me/report/tests/Deckhandler/CardTest.php" line="36" assertions="2" time="0.000201"/>
        <testcase name="testGetRawValue" class="App\Tests\DeckHandler\CardTest" classname="App.Tests.DeckHandler.CardTest" file="/home/osay21/dbwebb-kurser/mvc/me/report/tests/Deckhandler/CardTest.php" line="45" assertions="1" time="0.000150"/>
        <testcase name="testFromArray" class="App\Tests\DeckHandler\CardTest" classname="App.Tests.DeckHandler.CardTest" file="/home/osay21/dbwebb-kurser/mvc/me/report/tests/Deckhandler/CardTest.php" line="51" assertions="2" time="0.000485"/>
        <testcase name="testFromString" class="App\Tests\DeckHandler\CardTest" classname="App.Tests.DeckHandler.CardTest" file="/home/osay21/dbwebb-kurser/mvc/me/report/tests/Deckhandler/CardTest.php" line="58" assertions="3" time="0.000227"/>
        <testcase name="testInvalidSuitReturnsQuestionMark" class="App\Tests\DeckHandler\CardTest" classname="App.Tests.DeckHandler.CardTest" file="/home/osay21/dbwebb-kurser/mvc/me/report/tests/Deckhandler/CardTest.php" line="68" assertions="2" time="0.000255"/>
        <testcase name="testInvalidSuitInFromString" class="App\Tests\DeckHandler\CardTest" classname="App.Tests.DeckHandler.CardTest" file="/home/osay21/dbwebb-kurser/mvc/me/report/tests/Deckhandler/CardTest.php" line="75" assertions="1" time="0.000222"/>
      </testsuite>
      <testsuite name="App\Tests\DeckHandler\DeckTest" file="/home/osay21/dbwebb-kurser/mvc/me/report/tests/Deckhandler/DeckTest.php" tests="11" assertions="21" errors="0" warnings="0" failures="0" skipped="0" time="0.007616">
        <testcase name="testDeckInitializesWith52Cards" class="App\Tests\DeckHandler\DeckTest" classname="App.Tests.DeckHandler.DeckTest" file="/home/osay21/dbwebb-kurser/mvc/me/report/tests/Deckhandler/DeckTest.php" line="11" assertions="1" time="0.000611"/>
        <testcase name="testShuffleDoesNotChangeCardCount" class="App\Tests\DeckHandler\DeckTest" classname="App.Tests.DeckHandler.DeckTest" file="/home/osay21/dbwebb-kurser/mvc/me/report/tests/Deckhandler/DeckTest.php" line="17" assertions="1" time="0.000380"/>
        <testcase name="testDrawReducesDeckSize" class="App\Tests\DeckHandler\DeckTest" classname="App.Tests.DeckHandler.DeckTest" file="/home/osay21/dbwebb-kurser/mvc/me/report/tests/Deckhandler/DeckTest.php" line="24" assertions="2" time="0.000843"/>
        <testcase name="testPeekReturnsTopCard" class="App\Tests\DeckHandler\DeckTest" classname="App.Tests.DeckHandler.DeckTest" file="/home/osay21/dbwebb-kurser/mvc/me/report/tests/Deckhandler/DeckTest.php" line="32" assertions="1" time="0.000752"/>
        <testcase name="testDrawFromEmptyDeckReturnsNull" class="App\Tests\DeckHandler\DeckTest" classname="App.Tests.DeckHandler.DeckTest" file="/home/osay21/dbwebb-kurser/mvc/me/report/tests/Deckhandler/DeckTest.php" line="40" assertions="1" time="0.000444"/>
        <testcase name="testDeckToArrayAndFromArrayRestoresDeck" class="App\Tests\DeckHandler\DeckTest" classname="App.Tests.DeckHandler.DeckTest" file="/home/osay21/dbwebb-kurser/mvc/me/report/tests/Deckhandler/DeckTest.php" line="49" assertions="2" time="0.000466"/>
        <testcase name="testDealReturnsRequestedCards" class="App\Tests\DeckHandler\DeckTest" classname="App.Tests.DeckHandler.DeckTest" file="/home/osay21/dbwebb-kurser/mvc/me/report/tests/Deckhandler/DeckTest.php" line="63" assertions="7" time="0.000604"/>
        <testcase name="testDealReturnsLessIfDeckTooSmall" class="App\Tests\DeckHandler\DeckTest" classname="App.Tests.DeckHandler.DeckTest" file="/home/osay21/dbwebb-kurser/mvc/me/report/tests/Deckhandler/DeckTest.php" line="75" assertions="1" time="0.000536"/>
        <testcase name="testDeckToStringIsReadable" class="App\Tests\DeckHandler\DeckTest" classname="App.Tests.DeckHandler.DeckTest" file="/home/osay21/dbwebb-kurser/mvc/me/report/tests/Deckhandler/DeckTest.php" line="84" assertions="2" time="0.000834"/>
        <testcase name="testShuffleAndReturnReturnsSelf" class="App\Tests\DeckHandler\DeckTest" classname="App.Tests.DeckHandler.DeckTest" file="/home/osay21/dbwebb-kurser/mvc/me/report/tests/Deckhandler/DeckTest.php" line="92" assertions="1" time="0.000247"/>
        <testcase name="testSortSortsCorrectly" class="App\Tests\DeckHandler\DeckTest" classname="App.Tests.DeckHandler.DeckTest" file="/home/osay21/dbwebb-kurser/mvc/me/report/tests/Deckhandler/DeckTest.php" line="99" assertions="2" time="0.001900"/>
      </testsuite>
      <testsuite name="App\Tests\DeckHandler\PlayerTest" file="/home/osay21/dbwebb-kurser/mvc/me/report/tests/Deckhandler/PlayerTest.php" tests="10" assertions="26" errors="0" warnings="0" failures="0" skipped="0" time="0.003157">
        <testcase name="testAddCardUpdatesHand" class="App\Tests\DeckHandler\PlayerTest" classname="App.Tests.DeckHandler.PlayerTest" file="/home/osay21/dbwebb-kurser/mvc/me/report/tests/Deckhandler/PlayerTest.php" line="11" assertions="2" time="0.000574"/>
        <testcase name="testRemoveCardRemovesCorrectCard" class="App\Tests\DeckHandler\PlayerTest" classname="App.Tests.DeckHandler.PlayerTest" file="/home/osay21/dbwebb-kurser/mvc/me/report/tests/Deckhandler/PlayerTest.php" line="21" assertions="2" time="0.000413"/>
        <testcase name="testStaySetsHasStayed" class="App\Tests\DeckHandler\PlayerTest" classname="App.Tests.DeckHandler.PlayerTest" file="/home/osay21/dbwebb-kurser/mvc/me/report/tests/Deckhandler/PlayerTest.php" line="34" assertions="2" time="0.000742"/>
        <testcase name="testResetClearsAllStates" class="App\Tests\DeckHandler\PlayerTest" classname="App.Tests.DeckHandler.PlayerTest" file="/home/osay21/dbwebb-kurser/mvc/me/report/tests/Deckhandler/PlayerTest.php" line="43" assertions="5" time="0.000256"/>
        <testcase name="testTotalsCalculation" class="App\Tests\DeckHandler\PlayerTest" classname="App.Tests.DeckHandler.PlayerTest" file="/home/osay21/dbwebb-kurser/mvc/me/report/tests/Deckhandler/PlayerTest.php" line="61" assertions="1" time="0.000181"/>
        <testcase name="testBlackjackDetection" class="App\Tests\DeckHandler\PlayerTest" classname="App.Tests.DeckHandler.PlayerTest" file="/home/osay21/dbwebb-kurser/mvc/me/report/tests/Deckhandler/PlayerTest.php" line="71" assertions="2" time="0.000198"/>
        <testcase name="testBustDetection" class="App\Tests\DeckHandler\PlayerTest" classname="App.Tests.DeckHandler.PlayerTest" file="/home/osay21/dbwebb-kurser/mvc/me/report/tests/Deckhandler/PlayerTest.php" line="81" assertions="1" time="0.000201"/>
        <testcase name="testDoubleDown" class="App\Tests\DeckHandler\PlayerTest" classname="App.Tests.DeckHandler.PlayerTest" file="/home/osay21/dbwebb-kurser/mvc/me/report/tests/Deckhandler/PlayerTest.php" line="91" assertions="3" time="0.000218"/>
        <testcase name="testWagerManipulation" class="App\Tests\DeckHandler\PlayerTest" classname="App.Tests.DeckHandler.PlayerTest" file="/home/osay21/dbwebb-kurser/mvc/me/report/tests/Deckhandler/PlayerTest.php" line="101" assertions="2" time="0.000163"/>
        <testcase name="testToAndFromArray" class="App\Tests\DeckHandler\PlayerTest" classname="App.Tests.DeckHandler.PlayerTest" file="/home/osay21/dbwebb-kurser/mvc/me/report/tests/Deckhandler/PlayerTest.php" line="111" assertions="6" time="0.000212"/>
      </testsuite>
      <testsuite name="App\Tests\Entity\LibraryEntityTest" file="/home/osay21/dbwebb-kurser/mvc/me/report/tests/Entity/LibraryEntityTest.php" tests="2" assertions="6" errors="0" warnings="0" failures="0" skipped="0" time="0.001043">
        <testcase name="testLibraryEntity" class="App\Tests\Entity\LibraryEntityTest" classname="App.Tests.Entity.LibraryEntityTest" file="/home/osay21/dbwebb-kurser/mvc/me/report/tests/Entity/LibraryEntityTest.php" line="10" assertions="5" time="0.000750"/>
        <testcase name="testToArray" class="App\Tests\Entity\LibraryEntityTest" classname="App.Tests.Entity.LibraryEntityTest" file="/home/osay21/dbwebb-kurser/mvc/me/report/tests/Entity/LibraryEntityTest.php" line="27" assertions="1" time="0.000293"/>
      </testsuite>
      <testsuite name="App\Tests\Repository\LibraryRepositoryTest" file="/home/osay21/dbwebb-kurser/mvc/me/report/tests/Repository/LibraryRepositoryTest.php" tests="2" assertions="3" errors="0" warnings="0" failures="0" skipped="0" time="0.145718">
        <testcase name="testSaveAndFind" class="App\Tests\Repository\LibraryRepositoryTest" classname="App.Tests.Repository.LibraryRepositoryTest" file="/home/osay21/dbwebb-kurser/mvc/me/report/tests/Repository/LibraryRepositoryTest.php" line="30" assertions="2" time="0.132778"/>
        <testcase name="testRemove" class="App\Tests\Repository\LibraryRepositoryTest" classname="App.Tests.Repository.LibraryRepositoryTest" file="/home/osay21/dbwebb-kurser/mvc/me/report/tests/Repository/LibraryRepositoryTest.php" line="50" assertions="1" time="0.012940"/>
      </testsuite>
    </testsuite>
  </testsuite>
</testsuites>
