<?xml version="1.0" encoding="UTF-8"?>
<testsuites>
  <testsuite name="" tests="17" assertions="32" errors="0" warnings="0" failures="0" skipped="0" time="0.123255">
    <testsuite name="Project Test Suite" tests="17" assertions="32" errors="0" warnings="0" failures="0" skipped="0" time="0.123255">
      <testsuite name="Tests\DeckHandler\DeckTest" file="/home/osay21/dbwebb-kurser/mvc/me/report/tests/Deckhandler/DeckTest.php" tests="4" assertions="6" errors="0" warnings="0" failures="0" skipped="0" time="0.006900">
        <testcase name="testDeckCreation" class="Tests\DeckHandler\DeckTest" classname="Tests.DeckHandler.DeckTest" file="/home/osay21/dbwebb-kurser/mvc/me/report/tests/Deckhandler/DeckTest.php" line="16" assertions="1" time="0.003514"/>
        <testcase name="testDeckShuffle" class="Tests\DeckHandler\DeckTest" classname="Tests.DeckHandler.DeckTest" file="/home/osay21/dbwebb-kurser/mvc/me/report/tests/Deckhandler/DeckTest.php" line="32" assertions="2" time="0.001471"/>
        <testcase name="testDeckDeal" class="Tests\DeckHandler\DeckTest" classname="Tests.DeckHandler.DeckTest" file="/home/osay21/dbwebb-kurser/mvc/me/report/tests/Deckhandler/DeckTest.php" line="55" assertions="2" time="0.000228"/>
        <testcase name="testDeckSort" class="Tests\DeckHandler\DeckTest" classname="Tests.DeckHandler.DeckTest" file="/home/osay21/dbwebb-kurser/mvc/me/report/tests/Deckhandler/DeckTest.php" line="74" assertions="1" time="0.001687"/>
      </testsuite>
      <testsuite name="Tests\DeckHandler\GameTest" file="/home/osay21/dbwebb-kurser/mvc/me/report/tests/Deckhandler/GameTest.php" tests="4" assertions="12" errors="0" warnings="0" failures="0" skipped="0" time="0.000988">
        <testcase name="testHighestBelow21" class="Tests\DeckHandler\GameTest" classname="Tests.DeckHandler.GameTest" file="/home/osay21/dbwebb-kurser/mvc/me/report/tests/Deckhandler/GameTest.php" line="14" assertions="1" time="0.000439"/>
        <testcase name="testResult" class="Tests\DeckHandler\GameTest" classname="Tests.DeckHandler.GameTest" file="/home/osay21/dbwebb-kurser/mvc/me/report/tests/Deckhandler/GameTest.php" line="26" assertions="3" time="0.000185"/>
        <testcase name="testCheckValues" class="Tests\DeckHandler\GameTest" classname="Tests.DeckHandler.GameTest" file="/home/osay21/dbwebb-kurser/mvc/me/report/tests/Deckhandler/GameTest.php" line="46" assertions="5" time="0.000199"/>
        <testcase name="testValueToString" class="Tests\DeckHandler\GameTest" classname="Tests.DeckHandler.GameTest" file="/home/osay21/dbwebb-kurser/mvc/me/report/tests/Deckhandler/GameTest.php" line="81" assertions="3" time="0.000165"/>
      </testsuite>
      <testsuite name="Tests\DeckHandler\PlayerTest" file="/home/osay21/dbwebb-kurser/mvc/me/report/tests/Deckhandler/PlayerTest.php" tests="7" assertions="11" errors="0" warnings="0" failures="0" skipped="0" time="0.001993">
        <testcase name="testAddCard" class="Tests\DeckHandler\PlayerTest" classname="Tests.DeckHandler.PlayerTest" file="/home/osay21/dbwebb-kurser/mvc/me/report/tests/Deckhandler/PlayerTest.php" line="21" assertions="1" time="0.000570"/>
        <testcase name="testPlayerValueWithDressedCards" class="Tests\DeckHandler\PlayerTest" classname="Tests.DeckHandler.PlayerTest" file="/home/osay21/dbwebb-kurser/mvc/me/report/tests/Deckhandler/PlayerTest.php" line="38" assertions="1" time="0.000199"/>
        <testcase name="testGetStatus" class="Tests\DeckHandler\PlayerTest" classname="Tests.DeckHandler.PlayerTest" file="/home/osay21/dbwebb-kurser/mvc/me/report/tests/Deckhandler/PlayerTest.php" line="53" assertions="1" time="0.000351"/>
        <testcase name="testChangeStatus" class="Tests\DeckHandler\PlayerTest" classname="Tests.DeckHandler.PlayerTest" file="/home/osay21/dbwebb-kurser/mvc/me/report/tests/Deckhandler/PlayerTest.php" line="65" assertions="2" time="0.000325"/>
        <testcase name="testGetValueOfHand" class="Tests\DeckHandler\PlayerTest" classname="Tests.DeckHandler.PlayerTest" file="/home/osay21/dbwebb-kurser/mvc/me/report/tests/Deckhandler/PlayerTest.php" line="82" assertions="4" time="0.000199"/>
        <testcase name="testPlayerToString" class="Tests\DeckHandler\PlayerTest" classname="Tests.DeckHandler.PlayerTest" file="/home/osay21/dbwebb-kurser/mvc/me/report/tests/Deckhandler/PlayerTest.php" line="115" assertions="1" time="0.000180"/>
        <testcase name="testPlayerToStringApi" class="Tests\DeckHandler\PlayerTest" classname="Tests.DeckHandler.PlayerTest" file="/home/osay21/dbwebb-kurser/mvc/me/report/tests/Deckhandler/PlayerTest.php" line="134" assertions="1" time="0.000169"/>
      </testsuite>
      <testsuite name="App\Tests\Repository\LibraryRepositoryTest" file="/home/osay21/dbwebb-kurser/mvc/me/report/tests/Repository/LibraryRepositoryTest.php" tests="2" assertions="3" errors="0" warnings="0" failures="0" skipped="0" time="0.113375">
        <testcase name="testSaveAndFind" class="App\Tests\Repository\LibraryRepositoryTest" classname="App.Tests.Repository.LibraryRepositoryTest" file="/home/osay21/dbwebb-kurser/mvc/me/report/tests/Repository/LibraryRepositoryTest.php" line="25" assertions="2" time="0.103811"/>
        <testcase name="testRemove" class="App\Tests\Repository\LibraryRepositoryTest" classname="App.Tests.Repository.LibraryRepositoryTest" file="/home/osay21/dbwebb-kurser/mvc/me/report/tests/Repository/LibraryRepositoryTest.php" line="49" assertions="1" time="0.009564"/>
      </testsuite>
    </testsuite>
  </testsuite>
</testsuites>
