<?xml version="1.0" encoding="UTF-8"?>
<testsuites>
  <testsuite name="" tests="17" assertions="32" errors="0" warnings="0" failures="0" skipped="0" time="0.125939">
    <testsuite name="Project Test Suite" tests="17" assertions="32" errors="0" warnings="0" failures="0" skipped="0" time="0.125939">
      <testsuite name="Tests\DeckHandler\DeckTest" file="/home/osay21/dbwebb-kurser/mvc/me/report/tests/Deckhandler/DeckTest.php" tests="4" assertions="6" errors="0" warnings="0" failures="0" skipped="0" time="0.006702">
        <testcase name="testDeckCreation" class="Tests\DeckHandler\DeckTest" classname="Tests.DeckHandler.DeckTest" file="/home/osay21/dbwebb-kurser/mvc/me/report/tests/Deckhandler/DeckTest.php" line="16" assertions="1" time="0.003463"/>
        <testcase name="testDeckShuffle" class="Tests\DeckHandler\DeckTest" classname="Tests.DeckHandler.DeckTest" file="/home/osay21/dbwebb-kurser/mvc/me/report/tests/Deckhandler/DeckTest.php" line="32" assertions="2" time="0.001309"/>
        <testcase name="testDeckDeal" class="Tests\DeckHandler\DeckTest" classname="Tests.DeckHandler.DeckTest" file="/home/osay21/dbwebb-kurser/mvc/me/report/tests/Deckhandler/DeckTest.php" line="55" assertions="2" time="0.000210"/>
        <testcase name="testDeckSort" class="Tests\DeckHandler\DeckTest" classname="Tests.DeckHandler.DeckTest" file="/home/osay21/dbwebb-kurser/mvc/me/report/tests/Deckhandler/DeckTest.php" line="74" assertions="1" time="0.001720"/>
      </testsuite>
      <testsuite name="Tests\DeckHandler\GameTest" file="/home/osay21/dbwebb-kurser/mvc/me/report/tests/Deckhandler/GameTest.php" tests="4" assertions="12" errors="0" warnings="0" failures="0" skipped="0" time="0.000925">
        <testcase name="testHighestBelow21" class="Tests\DeckHandler\GameTest" classname="Tests.DeckHandler.GameTest" file="/home/osay21/dbwebb-kurser/mvc/me/report/tests/Deckhandler/GameTest.php" line="14" assertions="1" time="0.000446"/>
        <testcase name="testResult" class="Tests\DeckHandler\GameTest" classname="Tests.DeckHandler.GameTest" file="/home/osay21/dbwebb-kurser/mvc/me/report/tests/Deckhandler/GameTest.php" line="26" assertions="3" time="0.000180"/>
        <testcase name="testCheckValues" class="Tests\DeckHandler\GameTest" classname="Tests.DeckHandler.GameTest" file="/home/osay21/dbwebb-kurser/mvc/me/report/tests/Deckhandler/GameTest.php" line="46" assertions="5" time="0.000153"/>
        <testcase name="testValueToString" class="Tests\DeckHandler\GameTest" classname="Tests.DeckHandler.GameTest" file="/home/osay21/dbwebb-kurser/mvc/me/report/tests/Deckhandler/GameTest.php" line="81" assertions="3" time="0.000147"/>
      </testsuite>
      <testsuite name="Tests\DeckHandler\PlayerTest" file="/home/osay21/dbwebb-kurser/mvc/me/report/tests/Deckhandler/PlayerTest.php" tests="7" assertions="11" errors="0" warnings="0" failures="0" skipped="0" time="0.001866">
        <testcase name="testAddCard" class="Tests\DeckHandler\PlayerTest" classname="Tests.DeckHandler.PlayerTest" file="/home/osay21/dbwebb-kurser/mvc/me/report/tests/Deckhandler/PlayerTest.php" line="21" assertions="1" time="0.000509"/>
        <testcase name="testPlayerValueWithDressedCards" class="Tests\DeckHandler\PlayerTest" classname="Tests.DeckHandler.PlayerTest" file="/home/osay21/dbwebb-kurser/mvc/me/report/tests/Deckhandler/PlayerTest.php" line="38" assertions="1" time="0.000187"/>
        <testcase name="testGetStatus" class="Tests\DeckHandler\PlayerTest" classname="Tests.DeckHandler.PlayerTest" file="/home/osay21/dbwebb-kurser/mvc/me/report/tests/Deckhandler/PlayerTest.php" line="53" assertions="1" time="0.000341"/>
        <testcase name="testChangeStatus" class="Tests\DeckHandler\PlayerTest" classname="Tests.DeckHandler.PlayerTest" file="/home/osay21/dbwebb-kurser/mvc/me/report/tests/Deckhandler/PlayerTest.php" line="65" assertions="2" time="0.000301"/>
        <testcase name="testGetValueOfHand" class="Tests\DeckHandler\PlayerTest" classname="Tests.DeckHandler.PlayerTest" file="/home/osay21/dbwebb-kurser/mvc/me/report/tests/Deckhandler/PlayerTest.php" line="82" assertions="4" time="0.000194"/>
        <testcase name="testPlayerToString" class="Tests\DeckHandler\PlayerTest" classname="Tests.DeckHandler.PlayerTest" file="/home/osay21/dbwebb-kurser/mvc/me/report/tests/Deckhandler/PlayerTest.php" line="115" assertions="1" time="0.000161"/>
        <testcase name="testPlayerToStringApi" class="Tests\DeckHandler\PlayerTest" classname="Tests.DeckHandler.PlayerTest" file="/home/osay21/dbwebb-kurser/mvc/me/report/tests/Deckhandler/PlayerTest.php" line="134" assertions="1" time="0.000172"/>
      </testsuite>
      <testsuite name="App\Tests\Repository\LibraryRepositoryTest" file="/home/osay21/dbwebb-kurser/mvc/me/report/tests/Repository/LibraryRepositoryTest.php" tests="2" assertions="3" errors="0" warnings="0" failures="0" skipped="0" time="0.116445">
        <testcase name="testSaveAndFind" class="App\Tests\Repository\LibraryRepositoryTest" classname="App.Tests.Repository.LibraryRepositoryTest" file="/home/osay21/dbwebb-kurser/mvc/me/report/tests/Repository/LibraryRepositoryTest.php" line="25" assertions="2" time="0.107177"/>
        <testcase name="testRemove" class="App\Tests\Repository\LibraryRepositoryTest" classname="App.Tests.Repository.LibraryRepositoryTest" file="/home/osay21/dbwebb-kurser/mvc/me/report/tests/Repository/LibraryRepositoryTest.php" line="49" assertions="1" time="0.009268"/>
      </testsuite>
    </testsuite>
  </testsuite>
</testsuites>
